{"contracts/CapTable.sol":{"l":{"86":11,"87":10,"89":9,"90":9,"91":9,"92":9,"93":9,"95":9,"111":45,"112":44,"114":42,"115":42,"159":38,"160":37,"162":36,"163":36,"165":36,"173":36,"174":36,"176":36,"187":24,"188":22,"198":4,"208":4,"228":3},"path":"/home/lousydropout/src/gauntlet/chain-equity/contracts/contracts/CapTable.sol","s":{"1":11,"2":10,"3":9,"4":45,"5":44,"6":42,"7":38,"8":37,"9":36,"10":36,"11":36,"12":24,"13":22,"14":4,"15":4,"16":3},"b":{"1":[10,1],"2":[9,1],"3":[45,3],"4":[44,1],"5":[42,2],"6":[38,3],"7":[37,1],"8":[36,1],"9":[22,2]},"f":{"1":11,"2":45,"3":38,"4":24,"5":4,"6":4,"7":3},"fnMap":{"1":{"name":"constructor","line":85,"loc":{"start":{"line":82,"column":4},"end":{"line":96,"column":4}}},"2":{"name":"linkToken","line":110,"loc":{"start":{"line":110,"column":4},"end":{"line":116,"column":4}}},"3":{"name":"recordCorporateAction","line":158,"loc":{"start":{"line":155,"column":4},"end":{"line":177,"column":4}}},"4":{"name":"getCorporateAction","line":186,"loc":{"start":{"line":186,"column":4},"end":{"line":189,"column":4}}},"5":{"name":"getCorporateActionCount","line":197,"loc":{"start":{"line":197,"column":4},"end":{"line":199,"column":4}}},"6":{"name":"isTokenLinked","line":207,"loc":{"start":{"line":207,"column":4},"end":{"line":209,"column":4}}},"7":{"name":"getCompanyInfo","line":221,"loc":{"start":{"line":221,"column":4},"end":{"line":229,"column":4}}}},"statementMap":{"1":{"start":{"line":86,"column":8},"end":{"line":86,"column":73}},"2":{"start":{"line":87,"column":8},"end":{"line":87,"column":77}},"3":{"start":{"line":95,"column":8},"end":{"line":95,"column":71}},"4":{"start":{"line":111,"column":8},"end":{"line":111,"column":78}},"5":{"start":{"line":112,"column":8},"end":{"line":112,"column":69}},"6":{"start":{"line":115,"column":8},"end":{"line":115,"column":47}},"7":{"start":{"line":159,"column":8},"end":{"line":159,"column":86}},"8":{"start":{"line":160,"column":8},"end":{"line":160,"column":94}},"9":{"start":{"line":162,"column":8},"end":{"line":162,"column":39}},"10":{"start":{"line":165,"column":8},"end":{"line":165,"column":7465}},"11":{"start":{"line":176,"column":8},"end":{"line":176,"column":73}},"12":{"start":{"line":187,"column":8},"end":{"line":187,"column":74}},"13":{"start":{"line":188,"column":8},"end":{"line":188,"column":38}},"14":{"start":{"line":198,"column":8},"end":{"line":198,"column":35}},"15":{"start":{"line":208,"column":8},"end":{"line":208,"column":34}},"16":{"start":{"line":228,"column":8},"end":{"line":228,"column":56}}},"branchMap":{"1":{"line":86,"type":"if","locations":[{"start":{"line":86,"column":8},"end":{"line":86,"column":8}},{"start":{"line":86,"column":8},"end":{"line":86,"column":8}}]},"2":{"line":87,"type":"if","locations":[{"start":{"line":87,"column":8},"end":{"line":87,"column":8}},{"start":{"line":87,"column":8},"end":{"line":87,"column":8}}]},"3":{"line":110,"type":"if","locations":[{"start":{"line":110,"column":48},"end":{"line":110,"column":48}},{"start":{"line":110,"column":48},"end":{"line":110,"column":48}}]},"4":{"line":111,"type":"if","locations":[{"start":{"line":111,"column":8},"end":{"line":111,"column":8}},{"start":{"line":111,"column":8},"end":{"line":111,"column":8}}]},"5":{"line":112,"type":"if","locations":[{"start":{"line":112,"column":8},"end":{"line":112,"column":8}},{"start":{"line":112,"column":8},"end":{"line":112,"column":8}}]},"6":{"line":158,"type":"if","locations":[{"start":{"line":158,"column":15},"end":{"line":158,"column":15}},{"start":{"line":158,"column":15},"end":{"line":158,"column":15}}]},"7":{"line":159,"type":"if","locations":[{"start":{"line":159,"column":8},"end":{"line":159,"column":8}},{"start":{"line":159,"column":8},"end":{"line":159,"column":8}}]},"8":{"line":160,"type":"if","locations":[{"start":{"line":160,"column":8},"end":{"line":160,"column":8}},{"start":{"line":160,"column":8},"end":{"line":160,"column":8}}]},"9":{"line":187,"type":"if","locations":[{"start":{"line":187,"column":8},"end":{"line":187,"column":8}},{"start":{"line":187,"column":8},"end":{"line":187,"column":8}}]}}},"contracts/ChainEquityToken.sol":{"l":{"75":35,"77":34,"78":34,"79":34,"81":34,"96":64,"97":63,"99":62,"100":62,"111":5,"113":4,"114":4,"124":10,"137":45,"138":44,"139":43,"141":41,"142":41,"160":61,"162":55,"163":15,"164":14,"168":40,"173":0,"177":57,"190":28,"191":27,"193":26,"194":26,"196":26,"209":19,"222":8,"225":8,"238":16,"239":16},"path":"/home/lousydropout/src/gauntlet/chain-equity/contracts/contracts/ChainEquityToken.sol","s":{"1":35,"2":34,"3":64,"4":63,"5":62,"6":5,"7":4,"8":10,"9":45,"10":44,"11":43,"12":41,"13":41,"14":61,"15":55,"16":15,"17":14,"18":40,"19":40,"20":0,"21":0,"22":57,"23":28,"24":27,"25":26,"26":26,"27":19,"28":8,"29":8,"30":16},"b":{"1":[34,1],"2":[64,1],"3":[63,1],"4":[62,1],"5":[5,0],"6":[4,1],"7":[45,1],"8":[44,1],"9":[43,1],"10":[41,2],"11":[55,6],"12":[15,40],"13":[14,1],"14":[11,3],"15":[40,0],"16":[40,0],"17":[0,0],"18":[0,0],"19":[28,1],"20":[27,1],"21":[26,1],"22":[8,1],"23":[16,2]},"f":{"1":35,"2":64,"3":5,"4":10,"5":45,"6":61,"7":28,"8":19,"9":8,"10":16},"fnMap":{"1":{"name":"constructor","line":74,"loc":{"start":{"line":70,"column":4},"end":{"line":82,"column":4}}},"2":{"name":"approveWallet","line":95,"loc":{"start":{"line":95,"column":4},"end":{"line":101,"column":4}}},"3":{"name":"revokeWallet","line":110,"loc":{"start":{"line":110,"column":4},"end":{"line":115,"column":4}}},"4":{"name":"isApproved","line":123,"loc":{"start":{"line":123,"column":4},"end":{"line":125,"column":4}}},"5":{"name":"mint","line":136,"loc":{"start":{"line":136,"column":4},"end":{"line":143,"column":4}}},"6":{"name":"_update","line":159,"loc":{"start":{"line":159,"column":4},"end":{"line":178,"column":4}}},"7":{"name":"executeSplit","line":189,"loc":{"start":{"line":189,"column":4},"end":{"line":197,"column":4}}},"8":{"name":"effectiveBalanceOf","line":208,"loc":{"start":{"line":208,"column":4},"end":{"line":210,"column":4}}},"9":{"name":"changeSymbol","line":221,"loc":{"start":{"line":221,"column":4},"end":{"line":226,"column":4}}},"10":{"name":"setTransfersRestricted","line":237,"loc":{"start":{"line":237,"column":4},"end":{"line":240,"column":4}}}},"statementMap":{"1":{"start":{"line":75,"column":8},"end":{"line":75,"column":85}},"2":{"start":{"line":81,"column":8},"end":{"line":81,"column":53}},"3":{"start":{"line":96,"column":8},"end":{"line":96,"column":85}},"4":{"start":{"line":97,"column":8},"end":{"line":97,"column":79}},"5":{"start":{"line":100,"column":8},"end":{"line":100,"column":47}},"6":{"start":{"line":111,"column":8},"end":{"line":111,"column":74}},"7":{"start":{"line":114,"column":8},"end":{"line":114,"column":46}},"8":{"start":{"line":124,"column":8},"end":{"line":124,"column":32}},"9":{"start":{"line":137,"column":8},"end":{"line":137,"column":81}},"10":{"start":{"line":138,"column":8},"end":{"line":138,"column":73}},"11":{"start":{"line":139,"column":8},"end":{"line":139,"column":104}},"12":{"start":{"line":141,"column":8},"end":{"line":141,"column":24}},"13":{"start":{"line":142,"column":8},"end":{"line":142,"column":31}},"14":{"start":{"line":160,"column":8},"end":{"line":160,"column":8004}},"15":{"start":{"line":162,"column":12},"end":{"line":162,"column":8130}},"16":{"start":{"line":163,"column":16},"end":{"line":163,"column":80}},"17":{"start":{"line":164,"column":16},"end":{"line":164,"column":81}},"18":{"start":{"line":167,"column":17},"end":{"line":167,"column":8442}},"19":{"start":{"line":168,"column":16},"end":{"line":168,"column":81}},"20":{"start":{"line":172,"column":17},"end":{"line":172,"column":8750}},"21":{"start":{"line":173,"column":16},"end":{"line":173,"column":80}},"22":{"start":{"line":177,"column":8},"end":{"line":177,"column":37}},"23":{"start":{"line":190,"column":8},"end":{"line":190,"column":85}},"24":{"start":{"line":191,"column":8},"end":{"line":191,"column":85}},"25":{"start":{"line":193,"column":8},"end":{"line":193,"column":39}},"26":{"start":{"line":196,"column":8},"end":{"line":196,"column":63}},"27":{"start":{"line":209,"column":8},"end":{"line":209,"column":56}},"28":{"start":{"line":222,"column":8},"end":{"line":222,"column":42}},"29":{"start":{"line":225,"column":8},"end":{"line":225,"column":48}},"30":{"start":{"line":239,"column":8},"end":{"line":239,"column":51}}},"branchMap":{"1":{"line":75,"type":"if","locations":[{"start":{"line":75,"column":8},"end":{"line":75,"column":8}},{"start":{"line":75,"column":8},"end":{"line":75,"column":8}}]},"2":{"line":95,"type":"if","locations":[{"start":{"line":95,"column":52},"end":{"line":95,"column":52}},{"start":{"line":95,"column":52},"end":{"line":95,"column":52}}]},"3":{"line":96,"type":"if","locations":[{"start":{"line":96,"column":8},"end":{"line":96,"column":8}},{"start":{"line":96,"column":8},"end":{"line":96,"column":8}}]},"4":{"line":97,"type":"if","locations":[{"start":{"line":97,"column":8},"end":{"line":97,"column":8}},{"start":{"line":97,"column":8},"end":{"line":97,"column":8}}]},"5":{"line":110,"type":"if","locations":[{"start":{"line":110,"column":51},"end":{"line":110,"column":51}},{"start":{"line":110,"column":51},"end":{"line":110,"column":51}}]},"6":{"line":111,"type":"if","locations":[{"start":{"line":111,"column":8},"end":{"line":111,"column":8}},{"start":{"line":111,"column":8},"end":{"line":111,"column":8}}]},"7":{"line":136,"type":"if","locations":[{"start":{"line":136,"column":55},"end":{"line":136,"column":55}},{"start":{"line":136,"column":55},"end":{"line":136,"column":55}}]},"8":{"line":137,"type":"if","locations":[{"start":{"line":137,"column":8},"end":{"line":137,"column":8}},{"start":{"line":137,"column":8},"end":{"line":137,"column":8}}]},"9":{"line":138,"type":"if","locations":[{"start":{"line":138,"column":8},"end":{"line":138,"column":8}},{"start":{"line":138,"column":8},"end":{"line":138,"column":8}}]},"10":{"line":139,"type":"if","locations":[{"start":{"line":139,"column":8},"end":{"line":139,"column":8}},{"start":{"line":139,"column":8},"end":{"line":139,"column":8}}]},"11":{"line":160,"type":"if","locations":[{"start":{"line":160,"column":8},"end":{"line":160,"column":8}},{"start":{"line":160,"column":8},"end":{"line":160,"column":8}}]},"12":{"line":162,"type":"if","locations":[{"start":{"line":162,"column":12},"end":{"line":162,"column":12}},{"start":{"line":162,"column":12},"end":{"line":162,"column":12}}]},"13":{"line":163,"type":"if","locations":[{"start":{"line":163,"column":16},"end":{"line":163,"column":16}},{"start":{"line":163,"column":16},"end":{"line":163,"column":16}}]},"14":{"line":164,"type":"if","locations":[{"start":{"line":164,"column":16},"end":{"line":164,"column":16}},{"start":{"line":164,"column":16},"end":{"line":164,"column":16}}]},"15":{"line":167,"type":"if","locations":[{"start":{"line":167,"column":17},"end":{"line":167,"column":17}},{"start":{"line":167,"column":17},"end":{"line":167,"column":17}}]},"16":{"line":168,"type":"if","locations":[{"start":{"line":168,"column":16},"end":{"line":168,"column":16}},{"start":{"line":168,"column":16},"end":{"line":168,"column":16}}]},"17":{"line":172,"type":"if","locations":[{"start":{"line":172,"column":17},"end":{"line":172,"column":17}},{"start":{"line":172,"column":17},"end":{"line":172,"column":17}}]},"18":{"line":173,"type":"if","locations":[{"start":{"line":173,"column":16},"end":{"line":173,"column":16}},{"start":{"line":173,"column":16},"end":{"line":173,"column":16}}]},"19":{"line":189,"type":"if","locations":[{"start":{"line":189,"column":55},"end":{"line":189,"column":55}},{"start":{"line":189,"column":55},"end":{"line":189,"column":55}}]},"20":{"line":190,"type":"if","locations":[{"start":{"line":190,"column":8},"end":{"line":190,"column":8}},{"start":{"line":190,"column":8},"end":{"line":190,"column":8}}]},"21":{"line":191,"type":"if","locations":[{"start":{"line":191,"column":8},"end":{"line":191,"column":8}},{"start":{"line":191,"column":8},"end":{"line":191,"column":8}}]},"22":{"line":221,"type":"if","locations":[{"start":{"line":221,"column":60},"end":{"line":221,"column":60}},{"start":{"line":221,"column":60},"end":{"line":221,"column":60}}]},"23":{"line":237,"type":"if","locations":[{"start":{"line":237,"column":62},"end":{"line":237,"column":62}},{"start":{"line":237,"column":62},"end":{"line":237,"column":62}}]}}},"contracts/IRoles.sol":{"l":{},"path":"/home/lousydropout/src/gauntlet/chain-equity/contracts/contracts/IRoles.sol","s":{},"b":{},"f":{},"fnMap":{},"statementMap":{},"branchMap":{}},"contracts/ITokenReplacement.sol":{"l":{},"path":"/home/lousydropout/src/gauntlet/chain-equity/contracts/contracts/ITokenReplacement.sol","s":{},"b":{},"f":{},"fnMap":{},"statementMap":{},"branchMap":{}}}